<?xml version="1.0" encoding="UTF-8"?>
<!-- Generated by org.testng.reporters.JUnitReportReporter -->
<testsuite skipped="0" hostname="raju-PC" name="TestCases.TC0010_Click_On_Metro" tests="1" failures="0" timestamp="28 Oct 2017 12:30:16 GMT" time="22.736" errors="0">
  <testcase name="ClickonMetroOnHonePage" time="22.736" classname="TestCases.TC0010_Click_On_Metro"/>
</testsuite> <!-- TestCases.TC0010_Click_On_Metro -->
