<?xml version="1.0" encoding="UTF-8"?>
<!-- Generated by org.testng.reporters.JUnitReportReporter -->
<testsuite skipped="0" hostname="LAPTOP-UBTV11J8" name="TestCases.TC001_Lauch_Browser" tests="1" failures="0" timestamp="28 Oct 2017 11:41:57 GMT" time="18.760" errors="0">
  <testcase name="Get_App" time="18.760" classname="TestCases.TC001_Lauch_Browser"/>
</testsuite> <!-- TestCases.TC001_Lauch_Browser -->
